2023-08-08 18:18:48 INFO  AnekdotDAO:15 - Создал объект AnekdotDAO
2023-08-08 18:18:48 INFO  ThemesDAO:17 - Создал объект ThemesDao
2023-08-08 18:18:49 INFO  TelegramBot:98 - TelegramAPI started. Look for messages
2023-08-08 18:18:49 DEBUG MessageReceiver:18 - Запустилась очередь приема сообщений
2023-08-08 18:18:49 DEBUG MessageSender:28 - Запустилась функция run у MessageSender
2023-08-08 18:18:49 DEBUG MessageReceiver:19 - Очередь приёма - []
2023-08-08 18:19:02 DEBUG TelegramBot:75 - Update(updateId=294583278, message=Message(messageId=785, messageThreadId=null, from=User(id=1140769133, firstName=Amnesia, isBot=false, lastName=null, userName=amnesiazero, languageCode=ru, canJoinGroups=null, canReadAllGroupMessages=null, supportInlineQueries=null, isPremium=null, addedToAttachmentMenu=null), date=1691504341, chat=Chat(id=1140769133, type=private, title=null, firstName=Amnesia, lastName=null, userName=amnesiazero, photo=null, description=null, inviteLink=null, pinnedMessage=null, stickerSetName=null, canSetStickerSet=null, permissions=null, slowModeDelay=null, bio=null, linkedChatId=null, location=null, messageAutoDeleteTime=null, hasPrivateForwards=null, HasProtectedContent=null, joinToSendMessages=null, joinByRequest=null, hasRestrictedVoiceAndVideoMessages=null, isForum=null, activeUsernames=null, emojiStatusCustomEmojiId=null, hasAggressiveAntiSpamEnabled=null, hasHiddenMembers=null), forwardFrom=null, forwardFromChat=null, forwardDate=null, text=/start, entities=[MessageEntity(type=bot_command, offset=0, length=6, url=null, user=null, language=null, customEmojiId=null, text=/start)], captionEntities=null, audio=null, document=null, photo=null, sticker=null, video=null, contact=null, location=null, venue=null, animation=null, pinnedMessage=null, newChatMembers=[], leftChatMember=null, newChatTitle=null, newChatPhoto=null, deleteChatPhoto=null, groupchatCreated=null, replyToMessage=null, voice=null, caption=null, superGroupCreated=null, channelChatCreated=null, migrateToChatId=null, migrateFromChatId=null, editDate=null, game=null, forwardFromMessageId=null, invoice=null, successfulPayment=null, videoNote=null, authorSignature=null, forwardSignature=null, mediaGroupId=null, connectedWebsite=null, passportData=null, forwardSenderName=null, poll=null, replyMarkup=null, dice=null, viaBot=null, senderChat=null, proximityAlertTriggered=null, messageAutoDeleteTimerChanged=null, isAutomaticForward=null, hasProtectedContent=null, webAppData=null, videoChatStarted=null, videoChatEnded=null, videoChatParticipantsInvited=null, videoChatScheduled=null, isTopicMessage=null, forumTopicCreated=null, forumTopicClosed=null, forumTopicReopened=null, forumTopicEdited=null, generalForumTopicHidden=null, generalForumTopicUnhidden=null, writeAccessAllowed=null, hasMediaSpoiler=null, userShared=null, chatShared=null), inlineQuery=null, chosenInlineQuery=null, callbackQuery=null, editedMessage=null, channelPost=null, editedChannelPost=null, shippingQuery=null, preCheckoutQuery=null, poll=null, pollAnswer=null, myChatMember=null, chatMember=null, chatJoinRequest=null)
2023-08-08 18:19:02 DEBUG TelegramBot:77 - Update успешно добавлен
2023-08-08 18:19:02 DEBUG MessageReceiver:23 - Update обработан
2023-08-08 18:19:02 DEBUG UpdateController:35 - Вошёл в функцкию processUpdate
2023-08-08 18:19:02 DEBUG UpdateController:52 - Вошёл в функцкию distributeMessageByType
2023-08-08 18:19:02 DEBUG UpdateController:92 - Вошёл в функцкию processTextMessage
2023-08-08 18:19:02 DEBUG UpdateController:95 - /start
2023-08-08 18:19:02 DEBUG MessageSender:32 - Вызвана отправка сообщения
2023-08-08 18:19:05 DEBUG TelegramBot:75 - Update(updateId=294583279, message=Message(messageId=787, messageThreadId=null, from=User(id=1140769133, firstName=Amnesia, isBot=false, lastName=null, userName=amnesiazero, languageCode=ru, canJoinGroups=null, canReadAllGroupMessages=null, supportInlineQueries=null, isPremium=null, addedToAttachmentMenu=null), date=1691504344, chat=Chat(id=1140769133, type=private, title=null, firstName=Amnesia, lastName=null, userName=amnesiazero, photo=null, description=null, inviteLink=null, pinnedMessage=null, stickerSetName=null, canSetStickerSet=null, permissions=null, slowModeDelay=null, bio=null, linkedChatId=null, location=null, messageAutoDeleteTime=null, hasPrivateForwards=null, HasProtectedContent=null, joinToSendMessages=null, joinByRequest=null, hasRestrictedVoiceAndVideoMessages=null, isForum=null, activeUsernames=null, emojiStatusCustomEmojiId=null, hasAggressiveAntiSpamEnabled=null, hasHiddenMembers=null), forwardFrom=null, forwardFromChat=null, forwardDate=null, text=/theme, entities=[MessageEntity(type=bot_command, offset=0, length=6, url=null, user=null, language=null, customEmojiId=null, text=/theme)], captionEntities=null, audio=null, document=null, photo=null, sticker=null, video=null, contact=null, location=null, venue=null, animation=null, pinnedMessage=null, newChatMembers=[], leftChatMember=null, newChatTitle=null, newChatPhoto=null, deleteChatPhoto=null, groupchatCreated=null, replyToMessage=null, voice=null, caption=null, superGroupCreated=null, channelChatCreated=null, migrateToChatId=null, migrateFromChatId=null, editDate=null, game=null, forwardFromMessageId=null, invoice=null, successfulPayment=null, videoNote=null, authorSignature=null, forwardSignature=null, mediaGroupId=null, connectedWebsite=null, passportData=null, forwardSenderName=null, poll=null, replyMarkup=null, dice=null, viaBot=null, senderChat=null, proximityAlertTriggered=null, messageAutoDeleteTimerChanged=null, isAutomaticForward=null, hasProtectedContent=null, webAppData=null, videoChatStarted=null, videoChatEnded=null, videoChatParticipantsInvited=null, videoChatScheduled=null, isTopicMessage=null, forumTopicCreated=null, forumTopicClosed=null, forumTopicReopened=null, forumTopicEdited=null, generalForumTopicHidden=null, generalForumTopicUnhidden=null, writeAccessAllowed=null, hasMediaSpoiler=null, userShared=null, chatShared=null), inlineQuery=null, chosenInlineQuery=null, callbackQuery=null, editedMessage=null, channelPost=null, editedChannelPost=null, shippingQuery=null, preCheckoutQuery=null, poll=null, pollAnswer=null, myChatMember=null, chatMember=null, chatJoinRequest=null)
2023-08-08 18:19:05 DEBUG TelegramBot:77 - Update успешно добавлен
2023-08-08 18:19:05 DEBUG MessageReceiver:23 - Update обработан
2023-08-08 18:19:05 DEBUG UpdateController:35 - Вошёл в функцкию processUpdate
2023-08-08 18:19:05 DEBUG UpdateController:52 - Вошёл в функцкию distributeMessageByType
2023-08-08 18:19:05 DEBUG UpdateController:92 - Вошёл в функцкию processTextMessage
2023-08-08 18:19:05 DEBUG UpdateController:95 - /theme
2023-08-08 18:19:05 DEBUG MessageSender:32 - Вызвана отправка сообщения
2023-08-08 18:19:07 DEBUG TelegramBot:75 - Update(updateId=294583280, message=Message(messageId=789, messageThreadId=null, from=User(id=1140769133, firstName=Amnesia, isBot=false, lastName=null, userName=amnesiazero, languageCode=ru, canJoinGroups=null, canReadAllGroupMessages=null, supportInlineQueries=null, isPremium=null, addedToAttachmentMenu=null), date=1691504346, chat=Chat(id=1140769133, type=private, title=null, firstName=Amnesia, lastName=null, userName=amnesiazero, photo=null, description=null, inviteLink=null, pinnedMessage=null, stickerSetName=null, canSetStickerSet=null, permissions=null, slowModeDelay=null, bio=null, linkedChatId=null, location=null, messageAutoDeleteTime=null, hasPrivateForwards=null, HasProtectedContent=null, joinToSendMessages=null, joinByRequest=null, hasRestrictedVoiceAndVideoMessages=null, isForum=null, activeUsernames=null, emojiStatusCustomEmojiId=null, hasAggressiveAntiSpamEnabled=null, hasHiddenMembers=null), forwardFrom=null, forwardFromChat=null, forwardDate=null, text=п, entities=null, captionEntities=null, audio=null, document=null, photo=null, sticker=null, video=null, contact=null, location=null, venue=null, animation=null, pinnedMessage=null, newChatMembers=[], leftChatMember=null, newChatTitle=null, newChatPhoto=null, deleteChatPhoto=null, groupchatCreated=null, replyToMessage=null, voice=null, caption=null, superGroupCreated=null, channelChatCreated=null, migrateToChatId=null, migrateFromChatId=null, editDate=null, game=null, forwardFromMessageId=null, invoice=null, successfulPayment=null, videoNote=null, authorSignature=null, forwardSignature=null, mediaGroupId=null, connectedWebsite=null, passportData=null, forwardSenderName=null, poll=null, replyMarkup=null, dice=null, viaBot=null, senderChat=null, proximityAlertTriggered=null, messageAutoDeleteTimerChanged=null, isAutomaticForward=null, hasProtectedContent=null, webAppData=null, videoChatStarted=null, videoChatEnded=null, videoChatParticipantsInvited=null, videoChatScheduled=null, isTopicMessage=null, forumTopicCreated=null, forumTopicClosed=null, forumTopicReopened=null, forumTopicEdited=null, generalForumTopicHidden=null, generalForumTopicUnhidden=null, writeAccessAllowed=null, hasMediaSpoiler=null, userShared=null, chatShared=null), inlineQuery=null, chosenInlineQuery=null, callbackQuery=null, editedMessage=null, channelPost=null, editedChannelPost=null, shippingQuery=null, preCheckoutQuery=null, poll=null, pollAnswer=null, myChatMember=null, chatMember=null, chatJoinRequest=null)
2023-08-08 18:19:07 DEBUG MessageReceiver:23 - Update обработан
2023-08-08 18:19:07 DEBUG UpdateController:35 - Вошёл в функцкию processUpdate
2023-08-08 18:19:07 DEBUG UpdateController:52 - Вошёл в функцкию distributeMessageByType
2023-08-08 18:19:07 DEBUG UpdateController:92 - Вошёл в функцкию processTextMessage
2023-08-08 18:19:07 DEBUG UpdateController:95 - п
2023-08-08 18:19:07 DEBUG UpdateController:167 - Вошёл в фукнцию displayThemes
2023-08-08 18:19:07 DEBUG TelegramBot:77 - Update успешно добавлен
2023-08-08 18:19:07 DEBUG UpdateController:192 - Выберите тему анекдота:
1)Анекдоты про парашют и парашютистов
2)Анекдоты про пасху
3)Анекдоты про пенсионеров и пенсию
4)Анекдоты про пиво
5)Анекдоты про погоду и прогноз погоды
6)Анекдоты про поезда
7)Анекдоты про пожарных
8)Анекдоты про покемонов
9)Анекдоты про политику и политиков
10)Анекдоты про почту
11)Анекдоты про приметы
12)Анекдоты про программистов и пользователей

2023-08-08 18:19:07 DEBUG MessageSender:32 - Вызвана отправка сообщения
2023-08-08 18:19:10 DEBUG TelegramBot:75 - Update(updateId=294583281, message=Message(messageId=791, messageThreadId=null, from=User(id=1140769133, firstName=Amnesia, isBot=false, lastName=null, userName=amnesiazero, languageCode=ru, canJoinGroups=null, canReadAllGroupMessages=null, supportInlineQueries=null, isPremium=null, addedToAttachmentMenu=null), date=1691504349, chat=Chat(id=1140769133, type=private, title=null, firstName=Amnesia, lastName=null, userName=amnesiazero, photo=null, description=null, inviteLink=null, pinnedMessage=null, stickerSetName=null, canSetStickerSet=null, permissions=null, slowModeDelay=null, bio=null, linkedChatId=null, location=null, messageAutoDeleteTime=null, hasPrivateForwards=null, HasProtectedContent=null, joinToSendMessages=null, joinByRequest=null, hasRestrictedVoiceAndVideoMessages=null, isForum=null, activeUsernames=null, emojiStatusCustomEmojiId=null, hasAggressiveAntiSpamEnabled=null, hasHiddenMembers=null), forwardFrom=null, forwardFromChat=null, forwardDate=null, text=5, entities=null, captionEntities=null, audio=null, document=null, photo=null, sticker=null, video=null, contact=null, location=null, venue=null, animation=null, pinnedMessage=null, newChatMembers=[], leftChatMember=null, newChatTitle=null, newChatPhoto=null, deleteChatPhoto=null, groupchatCreated=null, replyToMessage=null, voice=null, caption=null, superGroupCreated=null, channelChatCreated=null, migrateToChatId=null, migrateFromChatId=null, editDate=null, game=null, forwardFromMessageId=null, invoice=null, successfulPayment=null, videoNote=null, authorSignature=null, forwardSignature=null, mediaGroupId=null, connectedWebsite=null, passportData=null, forwardSenderName=null, poll=null, replyMarkup=null, dice=null, viaBot=null, senderChat=null, proximityAlertTriggered=null, messageAutoDeleteTimerChanged=null, isAutomaticForward=null, hasProtectedContent=null, webAppData=null, videoChatStarted=null, videoChatEnded=null, videoChatParticipantsInvited=null, videoChatScheduled=null, isTopicMessage=null, forumTopicCreated=null, forumTopicClosed=null, forumTopicReopened=null, forumTopicEdited=null, generalForumTopicHidden=null, generalForumTopicUnhidden=null, writeAccessAllowed=null, hasMediaSpoiler=null, userShared=null, chatShared=null), inlineQuery=null, chosenInlineQuery=null, callbackQuery=null, editedMessage=null, channelPost=null, editedChannelPost=null, shippingQuery=null, preCheckoutQuery=null, poll=null, pollAnswer=null, myChatMember=null, chatMember=null, chatJoinRequest=null)
2023-08-08 18:19:10 DEBUG MessageReceiver:23 - Update обработан
2023-08-08 18:19:10 DEBUG UpdateController:35 - Вошёл в функцкию processUpdate
2023-08-08 18:19:10 DEBUG UpdateController:52 - Вошёл в функцкию distributeMessageByType
2023-08-08 18:19:10 DEBUG UpdateController:92 - Вошёл в функцкию processTextMessage
2023-08-08 18:19:10 DEBUG UpdateController:95 - 5
2023-08-08 18:19:10 DEBUG TelegramBot:77 - Update успешно добавлен
2023-08-08 18:19:10 DEBUG UpdateController:198 - Вошёл в функцию sendAnekdotText
2023-08-08 18:19:10 DEBUG UpdateController:220 - Id темы - Анекдоты про погоду и прогноз погоды
2023-08-08 18:19:10 DEBUG AnekdotDAO:21 - SELECT text FROM anekdot_store WHERE theme_id=100 LIMIT 1
2023-08-08 18:19:11 DEBUG MessageSender:32 - Вызвана отправка сообщения
2023-08-09 12:35:30 INFO  AnekdotDAO:15 - Создал объект AnekdotDAO
2023-08-09 12:35:30 INFO  ThemesDAO:17 - Создал объект ThemesDao
2023-08-09 12:35:30 INFO  TelegramBot:93 - TelegramAPI started. Look for messages
2023-08-09 12:35:30 DEBUG MessageReceiver:22 - Запустилась очередь приема сообщений
2023-08-09 12:35:30 DEBUG MessageSender:28 - Запустилась функция run у MessageSender
2023-08-09 12:35:30 DEBUG MessageReceiver:23 - Очередь приёма - []
2023-08-09 12:35:40 DEBUG TelegramBot:70 - Update(updateId=294583310, message=Message(messageId=845, messageThreadId=null, from=User(id=1140769133, firstName=Amnesia, isBot=false, lastName=null, userName=amnesiazero, languageCode=ru, canJoinGroups=null, canReadAllGroupMessages=null, supportInlineQueries=null, isPremium=null, addedToAttachmentMenu=null), date=1691570139, chat=Chat(id=-804380847, type=group, title=testBot, firstName=null, lastName=null, userName=null, photo=null, description=null, inviteLink=null, pinnedMessage=null, stickerSetName=null, canSetStickerSet=null, permissions=null, slowModeDelay=null, bio=null, linkedChatId=null, location=null, messageAutoDeleteTime=null, hasPrivateForwards=null, HasProtectedContent=null, joinToSendMessages=null, joinByRequest=null, hasRestrictedVoiceAndVideoMessages=null, isForum=null, activeUsernames=null, emojiStatusCustomEmojiId=null, hasAggressiveAntiSpamEnabled=null, hasHiddenMembers=null), forwardFrom=null, forwardFromChat=null, forwardDate=null, text=/start, entities=[MessageEntity(type=bot_command, offset=0, length=6, url=null, user=null, language=null, customEmojiId=null, text=/start)], captionEntities=null, audio=null, document=null, photo=null, sticker=null, video=null, contact=null, location=null, venue=null, animation=null, pinnedMessage=null, newChatMembers=[], leftChatMember=null, newChatTitle=null, newChatPhoto=null, deleteChatPhoto=null, groupchatCreated=null, replyToMessage=null, voice=null, caption=null, superGroupCreated=null, channelChatCreated=null, migrateToChatId=null, migrateFromChatId=null, editDate=null, game=null, forwardFromMessageId=null, invoice=null, successfulPayment=null, videoNote=null, authorSignature=null, forwardSignature=null, mediaGroupId=null, connectedWebsite=null, passportData=null, forwardSenderName=null, poll=null, replyMarkup=null, dice=null, viaBot=null, senderChat=null, proximityAlertTriggered=null, messageAutoDeleteTimerChanged=null, isAutomaticForward=null, hasProtectedContent=null, webAppData=null, videoChatStarted=null, videoChatEnded=null, videoChatParticipantsInvited=null, videoChatScheduled=null, isTopicMessage=null, forumTopicCreated=null, forumTopicClosed=null, forumTopicReopened=null, forumTopicEdited=null, generalForumTopicHidden=null, generalForumTopicUnhidden=null, writeAccessAllowed=null, hasMediaSpoiler=null, userShared=null, chatShared=null), inlineQuery=null, chosenInlineQuery=null, callbackQuery=null, editedMessage=null, channelPost=null, editedChannelPost=null, shippingQuery=null, preCheckoutQuery=null, poll=null, pollAnswer=null, myChatMember=null, chatMember=null, chatJoinRequest=null)
2023-08-09 12:35:40 DEBUG TelegramBot:72 - Update успешно добавлен
2023-08-09 12:35:40 DEBUG MessageReceiver:27 - Update обработан
2023-08-09 12:35:40 DEBUG UpdateController:35 - Вошёл в функцкию processUpdate
2023-08-09 12:35:40 DEBUG UpdateController:52 - Вошёл в функцкию distributeMessageByType
2023-08-09 12:35:40 DEBUG UpdateController:92 - Вошёл в функцкию processTextMessage
2023-08-09 12:35:40 DEBUG UpdateController:95 - /start
2023-08-09 12:35:40 DEBUG MessageSender:32 - Вызвана отправка сообщения
2023-08-09 12:35:44 DEBUG TelegramBot:70 - Update(updateId=294583311, message=Message(messageId=847, messageThreadId=null, from=User(id=1140769133, firstName=Amnesia, isBot=false, lastName=null, userName=amnesiazero, languageCode=ru, canJoinGroups=null, canReadAllGroupMessages=null, supportInlineQueries=null, isPremium=null, addedToAttachmentMenu=null), date=1691570143, chat=Chat(id=-804380847, type=group, title=testBot, firstName=null, lastName=null, userName=null, photo=null, description=null, inviteLink=null, pinnedMessage=null, stickerSetName=null, canSetStickerSet=null, permissions=null, slowModeDelay=null, bio=null, linkedChatId=null, location=null, messageAutoDeleteTime=null, hasPrivateForwards=null, HasProtectedContent=null, joinToSendMessages=null, joinByRequest=null, hasRestrictedVoiceAndVideoMessages=null, isForum=null, activeUsernames=null, emojiStatusCustomEmojiId=null, hasAggressiveAntiSpamEnabled=null, hasHiddenMembers=null), forwardFrom=null, forwardFromChat=null, forwardDate=null, text=/theme, entities=[MessageEntity(type=bot_command, offset=0, length=6, url=null, user=null, language=null, customEmojiId=null, text=/theme)], captionEntities=null, audio=null, document=null, photo=null, sticker=null, video=null, contact=null, location=null, venue=null, animation=null, pinnedMessage=null, newChatMembers=[], leftChatMember=null, newChatTitle=null, newChatPhoto=null, deleteChatPhoto=null, groupchatCreated=null, replyToMessage=null, voice=null, caption=null, superGroupCreated=null, channelChatCreated=null, migrateToChatId=null, migrateFromChatId=null, editDate=null, game=null, forwardFromMessageId=null, invoice=null, successfulPayment=null, videoNote=null, authorSignature=null, forwardSignature=null, mediaGroupId=null, connectedWebsite=null, passportData=null, forwardSenderName=null, poll=null, replyMarkup=null, dice=null, viaBot=null, senderChat=null, proximityAlertTriggered=null, messageAutoDeleteTimerChanged=null, isAutomaticForward=null, hasProtectedContent=null, webAppData=null, videoChatStarted=null, videoChatEnded=null, videoChatParticipantsInvited=null, videoChatScheduled=null, isTopicMessage=null, forumTopicCreated=null, forumTopicClosed=null, forumTopicReopened=null, forumTopicEdited=null, generalForumTopicHidden=null, generalForumTopicUnhidden=null, writeAccessAllowed=null, hasMediaSpoiler=null, userShared=null, chatShared=null), inlineQuery=null, chosenInlineQuery=null, callbackQuery=null, editedMessage=null, channelPost=null, editedChannelPost=null, shippingQuery=null, preCheckoutQuery=null, poll=null, pollAnswer=null, myChatMember=null, chatMember=null, chatJoinRequest=null)
2023-08-09 12:35:44 DEBUG TelegramBot:72 - Update успешно добавлен
2023-08-09 12:35:44 DEBUG MessageReceiver:27 - Update обработан
2023-08-09 12:35:44 DEBUG UpdateController:35 - Вошёл в функцкию processUpdate
2023-08-09 12:35:44 DEBUG UpdateController:52 - Вошёл в функцкию distributeMessageByType
2023-08-09 12:35:44 DEBUG UpdateController:92 - Вошёл в функцкию processTextMessage
2023-08-09 12:35:44 DEBUG UpdateController:95 - /theme
2023-08-09 12:35:44 DEBUG MessageSender:32 - Вызвана отправка сообщения
2023-08-09 12:39:05 INFO  AnekdotDAO:15 - Создал объект AnekdotDAO
2023-08-09 12:39:05 INFO  ThemesDAO:17 - Создал объект ThemesDao
2023-08-09 12:39:05 INFO  TelegramBot:93 - TelegramAPI started. Look for messages
2023-08-09 12:39:05 DEBUG MessageReceiver:22 - Запустилась очередь приема сообщений
2023-08-09 12:39:05 DEBUG MessageSender:28 - Запустилась функция run у MessageSender
2023-08-09 12:39:05 DEBUG MessageReceiver:23 - Очередь приёма - []
2023-08-09 12:39:06 DEBUG TelegramBot:70 - Update(updateId=294583312, message=Message(messageId=849, messageThreadId=null, from=User(id=1140769133, firstName=Amnesia, isBot=false, lastName=null, userName=amnesiazero, languageCode=ru, canJoinGroups=null, canReadAllGroupMessages=null, supportInlineQueries=null, isPremium=null, addedToAttachmentMenu=null), date=1691570333, chat=Chat(id=1140769133, type=private, title=null, firstName=Amnesia, lastName=null, userName=amnesiazero, photo=null, description=null, inviteLink=null, pinnedMessage=null, stickerSetName=null, canSetStickerSet=null, permissions=null, slowModeDelay=null, bio=null, linkedChatId=null, location=null, messageAutoDeleteTime=null, hasPrivateForwards=null, HasProtectedContent=null, joinToSendMessages=null, joinByRequest=null, hasRestrictedVoiceAndVideoMessages=null, isForum=null, activeUsernames=null, emojiStatusCustomEmojiId=null, hasAggressiveAntiSpamEnabled=null, hasHiddenMembers=null), forwardFrom=null, forwardFromChat=null, forwardDate=null, text=/theme, entities=[MessageEntity(type=bot_command, offset=0, length=6, url=null, user=null, language=null, customEmojiId=null, text=/theme)], captionEntities=null, audio=null, document=null, photo=null, sticker=null, video=null, contact=null, location=null, venue=null, animation=null, pinnedMessage=null, newChatMembers=[], leftChatMember=null, newChatTitle=null, newChatPhoto=null, deleteChatPhoto=null, groupchatCreated=null, replyToMessage=null, voice=null, caption=null, superGroupCreated=null, channelChatCreated=null, migrateToChatId=null, migrateFromChatId=null, editDate=null, game=null, forwardFromMessageId=null, invoice=null, successfulPayment=null, videoNote=null, authorSignature=null, forwardSignature=null, mediaGroupId=null, connectedWebsite=null, passportData=null, forwardSenderName=null, poll=null, replyMarkup=null, dice=null, viaBot=null, senderChat=null, proximityAlertTriggered=null, messageAutoDeleteTimerChanged=null, isAutomaticForward=null, hasProtectedContent=null, webAppData=null, videoChatStarted=null, videoChatEnded=null, videoChatParticipantsInvited=null, videoChatScheduled=null, isTopicMessage=null, forumTopicCreated=null, forumTopicClosed=null, forumTopicReopened=null, forumTopicEdited=null, generalForumTopicHidden=null, generalForumTopicUnhidden=null, writeAccessAllowed=null, hasMediaSpoiler=null, userShared=null, chatShared=null), inlineQuery=null, chosenInlineQuery=null, callbackQuery=null, editedMessage=null, channelPost=null, editedChannelPost=null, shippingQuery=null, preCheckoutQuery=null, poll=null, pollAnswer=null, myChatMember=null, chatMember=null, chatJoinRequest=null)
2023-08-09 12:39:06 DEBUG TelegramBot:72 - Update успешно добавлен
2023-08-09 12:39:06 DEBUG MessageReceiver:27 - Update обработан
2023-08-09 12:39:06 DEBUG UpdateController:34 - Вошёл в функцкию processUpdate
2023-08-09 12:39:06 DEBUG UpdateController:43 - Вошёл в функцкию distributeMessageByType
2023-08-09 12:39:06 DEBUG UpdateController:83 - Вошёл в функцкию processTextMessage
2023-08-09 12:39:06 DEBUG UpdateController:86 - /theme
2023-08-09 12:39:06 DEBUG MessageSender:32 - Вызвана отправка сообщения
2023-08-09 12:39:13 DEBUG TelegramBot:70 - Update(updateId=294583313, message=Message(messageId=851, messageThreadId=null, from=User(id=1140769133, firstName=Amnesia, isBot=false, lastName=null, userName=amnesiazero, languageCode=ru, canJoinGroups=null, canReadAllGroupMessages=null, supportInlineQueries=null, isPremium=null, addedToAttachmentMenu=null), date=1691570352, chat=Chat(id=1140769133, type=private, title=null, firstName=Amnesia, lastName=null, userName=amnesiazero, photo=null, description=null, inviteLink=null, pinnedMessage=null, stickerSetName=null, canSetStickerSet=null, permissions=null, slowModeDelay=null, bio=null, linkedChatId=null, location=null, messageAutoDeleteTime=null, hasPrivateForwards=null, HasProtectedContent=null, joinToSendMessages=null, joinByRequest=null, hasRestrictedVoiceAndVideoMessages=null, isForum=null, activeUsernames=null, emojiStatusCustomEmojiId=null, hasAggressiveAntiSpamEnabled=null, hasHiddenMembers=null), forwardFrom=null, forwardFromChat=null, forwardDate=null, text=а, entities=null, captionEntities=null, audio=null, document=null, photo=null, sticker=null, video=null, contact=null, location=null, venue=null, animation=null, pinnedMessage=null, newChatMembers=[], leftChatMember=null, newChatTitle=null, newChatPhoto=null, deleteChatPhoto=null, groupchatCreated=null, replyToMessage=null, voice=null, caption=null, superGroupCreated=null, channelChatCreated=null, migrateToChatId=null, migrateFromChatId=null, editDate=null, game=null, forwardFromMessageId=null, invoice=null, successfulPayment=null, videoNote=null, authorSignature=null, forwardSignature=null, mediaGroupId=null, connectedWebsite=null, passportData=null, forwardSenderName=null, poll=null, replyMarkup=null, dice=null, viaBot=null, senderChat=null, proximityAlertTriggered=null, messageAutoDeleteTimerChanged=null, isAutomaticForward=null, hasProtectedContent=null, webAppData=null, videoChatStarted=null, videoChatEnded=null, videoChatParticipantsInvited=null, videoChatScheduled=null, isTopicMessage=null, forumTopicCreated=null, forumTopicClosed=null, forumTopicReopened=null, forumTopicEdited=null, generalForumTopicHidden=null, generalForumTopicUnhidden=null, writeAccessAllowed=null, hasMediaSpoiler=null, userShared=null, chatShared=null), inlineQuery=null, chosenInlineQuery=null, callbackQuery=null, editedMessage=null, channelPost=null, editedChannelPost=null, shippingQuery=null, preCheckoutQuery=null, poll=null, pollAnswer=null, myChatMember=null, chatMember=null, chatJoinRequest=null)
2023-08-09 12:39:13 DEBUG TelegramBot:72 - Update успешно добавлен
2023-08-09 12:39:13 DEBUG MessageReceiver:27 - Update обработан
2023-08-09 12:39:13 DEBUG UpdateController:34 - Вошёл в функцкию processUpdate
2023-08-09 12:39:13 DEBUG UpdateController:43 - Вошёл в функцкию distributeMessageByType
2023-08-09 12:39:13 DEBUG UpdateController:83 - Вошёл в функцкию processTextMessage
2023-08-09 12:39:13 DEBUG UpdateController:86 - а
2023-08-09 12:39:13 DEBUG UpdateController:158 - Вошёл в фукнцию displayThemes
2023-08-09 12:39:13 DEBUG UpdateController:183 - Выберите тему анекдота:
1)Анекдоты про авиацию и самолёты
2)Анекдоты про автомобили и автомобилистов
3)Анекдоты про автобус
4)Анекдоты про аптеку и аптекарей
5)Анекдоты про армию
6)Анекдоты про армянское радио

2023-08-09 12:39:13 DEBUG MessageSender:32 - Вызвана отправка сообщения
2023-08-09 12:39:15 DEBUG TelegramBot:70 - Update(updateId=294583314, message=Message(messageId=853, messageThreadId=null, from=User(id=1140769133, firstName=Amnesia, isBot=false, lastName=null, userName=amnesiazero, languageCode=ru, canJoinGroups=null, canReadAllGroupMessages=null, supportInlineQueries=null, isPremium=null, addedToAttachmentMenu=null), date=1691570354, chat=Chat(id=1140769133, type=private, title=null, firstName=Amnesia, lastName=null, userName=amnesiazero, photo=null, description=null, inviteLink=null, pinnedMessage=null, stickerSetName=null, canSetStickerSet=null, permissions=null, slowModeDelay=null, bio=null, linkedChatId=null, location=null, messageAutoDeleteTime=null, hasPrivateForwards=null, HasProtectedContent=null, joinToSendMessages=null, joinByRequest=null, hasRestrictedVoiceAndVideoMessages=null, isForum=null, activeUsernames=null, emojiStatusCustomEmojiId=null, hasAggressiveAntiSpamEnabled=null, hasHiddenMembers=null), forwardFrom=null, forwardFromChat=null, forwardDate=null, text=5, entities=null, captionEntities=null, audio=null, document=null, photo=null, sticker=null, video=null, contact=null, location=null, venue=null, animation=null, pinnedMessage=null, newChatMembers=[], leftChatMember=null, newChatTitle=null, newChatPhoto=null, deleteChatPhoto=null, groupchatCreated=null, replyToMessage=null, voice=null, caption=null, superGroupCreated=null, channelChatCreated=null, migrateToChatId=null, migrateFromChatId=null, editDate=null, game=null, forwardFromMessageId=null, invoice=null, successfulPayment=null, videoNote=null, authorSignature=null, forwardSignature=null, mediaGroupId=null, connectedWebsite=null, passportData=null, forwardSenderName=null, poll=null, replyMarkup=null, dice=null, viaBot=null, senderChat=null, proximityAlertTriggered=null, messageAutoDeleteTimerChanged=null, isAutomaticForward=null, hasProtectedContent=null, webAppData=null, videoChatStarted=null, videoChatEnded=null, videoChatParticipantsInvited=null, videoChatScheduled=null, isTopicMessage=null, forumTopicCreated=null, forumTopicClosed=null, forumTopicReopened=null, forumTopicEdited=null, generalForumTopicHidden=null, generalForumTopicUnhidden=null, writeAccessAllowed=null, hasMediaSpoiler=null, userShared=null, chatShared=null), inlineQuery=null, chosenInlineQuery=null, callbackQuery=null, editedMessage=null, channelPost=null, editedChannelPost=null, shippingQuery=null, preCheckoutQuery=null, poll=null, pollAnswer=null, myChatMember=null, chatMember=null, chatJoinRequest=null)
2023-08-09 12:39:15 DEBUG TelegramBot:72 - Update успешно добавлен
2023-08-09 12:39:15 DEBUG MessageReceiver:27 - Update обработан
2023-08-09 12:39:15 DEBUG UpdateController:34 - Вошёл в функцкию processUpdate
2023-08-09 12:39:15 DEBUG UpdateController:43 - Вошёл в функцкию distributeMessageByType
2023-08-09 12:39:15 DEBUG UpdateController:83 - Вошёл в функцкию processTextMessage
2023-08-09 12:39:15 DEBUG UpdateController:86 - 5
2023-08-09 12:39:15 DEBUG UpdateController:189 - Вошёл в функцию sendAnekdotText
2023-08-09 12:39:15 DEBUG UpdateController:211 - Id темы - Анекдоты про армию
2023-08-09 12:39:15 DEBUG AnekdotDAO:21 - SELECT text FROM anekdot_store WHERE theme_id=14 LIMIT 1
2023-08-09 12:39:15 DEBUG MessageSender:32 - Вызвана отправка сообщения
2023-08-09 12:39:30 DEBUG TelegramBot:70 - Update(updateId=294583315, message=Message(messageId=855, messageThreadId=null, from=User(id=1140769133, firstName=Amnesia, isBot=false, lastName=null, userName=amnesiazero, languageCode=ru, canJoinGroups=null, canReadAllGroupMessages=null, supportInlineQueries=null, isPremium=null, addedToAttachmentMenu=null), date=1691570369, chat=Chat(id=-804380847, type=group, title=testBot, firstName=null, lastName=null, userName=null, photo=null, description=null, inviteLink=null, pinnedMessage=null, stickerSetName=null, canSetStickerSet=null, permissions=null, slowModeDelay=null, bio=null, linkedChatId=null, location=null, messageAutoDeleteTime=null, hasPrivateForwards=null, HasProtectedContent=null, joinToSendMessages=null, joinByRequest=null, hasRestrictedVoiceAndVideoMessages=null, isForum=null, activeUsernames=null, emojiStatusCustomEmojiId=null, hasAggressiveAntiSpamEnabled=null, hasHiddenMembers=null), forwardFrom=null, forwardFromChat=null, forwardDate=null, text=/theme@anekSuper_bot, entities=[MessageEntity(type=bot_command, offset=0, length=20, url=null, user=null, language=null, customEmojiId=null, text=/theme@anekSuper_bot)], captionEntities=null, audio=null, document=null, photo=null, sticker=null, video=null, contact=null, location=null, venue=null, animation=null, pinnedMessage=null, newChatMembers=[], leftChatMember=null, newChatTitle=null, newChatPhoto=null, deleteChatPhoto=null, groupchatCreated=null, replyToMessage=null, voice=null, caption=null, superGroupCreated=null, channelChatCreated=null, migrateToChatId=null, migrateFromChatId=null, editDate=null, game=null, forwardFromMessageId=null, invoice=null, successfulPayment=null, videoNote=null, authorSignature=null, forwardSignature=null, mediaGroupId=null, connectedWebsite=null, passportData=null, forwardSenderName=null, poll=null, replyMarkup=null, dice=null, viaBot=null, senderChat=null, proximityAlertTriggered=null, messageAutoDeleteTimerChanged=null, isAutomaticForward=null, hasProtectedContent=null, webAppData=null, videoChatStarted=null, videoChatEnded=null, videoChatParticipantsInvited=null, videoChatScheduled=null, isTopicMessage=null, forumTopicCreated=null, forumTopicClosed=null, forumTopicReopened=null, forumTopicEdited=null, generalForumTopicHidden=null, generalForumTopicUnhidden=null, writeAccessAllowed=null, hasMediaSpoiler=null, userShared=null, chatShared=null), inlineQuery=null, chosenInlineQuery=null, callbackQuery=null, editedMessage=null, channelPost=null, editedChannelPost=null, shippingQuery=null, preCheckoutQuery=null, poll=null, pollAnswer=null, myChatMember=null, chatMember=null, chatJoinRequest=null)
2023-08-09 12:39:30 DEBUG TelegramBot:72 - Update успешно добавлен
2023-08-09 12:39:30 DEBUG MessageReceiver:27 - Update обработан
2023-08-09 12:39:30 DEBUG UpdateController:34 - Вошёл в функцкию processUpdate
2023-08-09 12:39:30 DEBUG UpdateController:43 - Вошёл в функцкию distributeMessageByType
2023-08-09 12:39:30 DEBUG UpdateController:83 - Вошёл в функцкию processTextMessage
2023-08-09 12:39:30 DEBUG UpdateController:86 - /theme@anekSuper_bot
2023-08-09 12:39:30 DEBUG UpdateController:109 - Была введна не команда,текст - /theme@anekSuper_bot
2023-08-09 12:39:35 DEBUG TelegramBot:70 - Update(updateId=294583316, message=Message(messageId=856, messageThreadId=null, from=User(id=1140769133, firstName=Amnesia, isBot=false, lastName=null, userName=amnesiazero, languageCode=ru, canJoinGroups=null, canReadAllGroupMessages=null, supportInlineQueries=null, isPremium=null, addedToAttachmentMenu=null), date=1691570375, chat=Chat(id=-804380847, type=group, title=testBot, firstName=null, lastName=null, userName=null, photo=null, description=null, inviteLink=null, pinnedMessage=null, stickerSetName=null, canSetStickerSet=null, permissions=null, slowModeDelay=null, bio=null, linkedChatId=null, location=null, messageAutoDeleteTime=null, hasPrivateForwards=null, HasProtectedContent=null, joinToSendMessages=null, joinByRequest=null, hasRestrictedVoiceAndVideoMessages=null, isForum=null, activeUsernames=null, emojiStatusCustomEmojiId=null, hasAggressiveAntiSpamEnabled=null, hasHiddenMembers=null), forwardFrom=null, forwardFromChat=null, forwardDate=null, text=/theme, entities=[MessageEntity(type=bot_command, offset=0, length=6, url=null, user=null, language=null, customEmojiId=null, text=/theme)], captionEntities=null, audio=null, document=null, photo=null, sticker=null, video=null, contact=null, location=null, venue=null, animation=null, pinnedMessage=null, newChatMembers=[], leftChatMember=null, newChatTitle=null, newChatPhoto=null, deleteChatPhoto=null, groupchatCreated=null, replyToMessage=null, voice=null, caption=null, superGroupCreated=null, channelChatCreated=null, migrateToChatId=null, migrateFromChatId=null, editDate=null, game=null, forwardFromMessageId=null, invoice=null, successfulPayment=null, videoNote=null, authorSignature=null, forwardSignature=null, mediaGroupId=null, connectedWebsite=null, passportData=null, forwardSenderName=null, poll=null, replyMarkup=null, dice=null, viaBot=null, senderChat=null, proximityAlertTriggered=null, messageAutoDeleteTimerChanged=null, isAutomaticForward=null, hasProtectedContent=null, webAppData=null, videoChatStarted=null, videoChatEnded=null, videoChatParticipantsInvited=null, videoChatScheduled=null, isTopicMessage=null, forumTopicCreated=null, forumTopicClosed=null, forumTopicReopened=null, forumTopicEdited=null, generalForumTopicHidden=null, generalForumTopicUnhidden=null, writeAccessAllowed=null, hasMediaSpoiler=null, userShared=null, chatShared=null), inlineQuery=null, chosenInlineQuery=null, callbackQuery=null, editedMessage=null, channelPost=null, editedChannelPost=null, shippingQuery=null, preCheckoutQuery=null, poll=null, pollAnswer=null, myChatMember=null, chatMember=null, chatJoinRequest=null)
2023-08-09 12:39:35 DEBUG TelegramBot:72 - Update успешно добавлен
2023-08-09 12:39:35 DEBUG MessageReceiver:27 - Update обработан
2023-08-09 12:39:35 DEBUG UpdateController:34 - Вошёл в функцкию processUpdate
2023-08-09 12:39:35 DEBUG UpdateController:43 - Вошёл в функцкию distributeMessageByType
2023-08-09 12:39:35 DEBUG UpdateController:83 - Вошёл в функцкию processTextMessage
2023-08-09 12:39:35 DEBUG UpdateController:86 - /theme
2023-08-09 12:39:35 DEBUG MessageSender:32 - Вызвана отправка сообщения
